
STAMP Structural Alignment of Multiple Proteins

Version 4.5 (10 September 2020)
 by Robert B. Russell & Geoffrey J. Barton 
 Please cite PROTEINS, v14, 309-323, 1992. PMID:1409577
Running roughfit.

    Sc = STAMP score, RMS = RMS deviation, Align = alignment length
    Len1, Len2 = length of domain, Nfit = residues fitted
    Secs = no. equivalent sec. strucs. Eq = no. equivalent residues
    %I = seq. identity, %S = sec. str. identity
    P(m)  = P value (p=1/10) calculated after Murzin (1993), JMB, 230, 689-694
            (NC = P value not calculated - potential FP overflow)

     No.  Domain1         Domain2         Sc     RMS    Len1 Len2  Align NFit Eq. Secs.   %I   %S   P(m)
Pair   1  pdb1hxw.supp    pdb4k4q.supp    9.53   0.69    198  198   198  198 198    0  97.98 100.00 0.00e+00 
Pair   2  pdb1hxw.supp    pdb3kfn.supp    9.70   0.40    198  198   198  198 198    0  98.99 100.00 0.00e+00 
Pair   3  pdb1hxw.supp    pdb4ejd.supp    9.07   0.80    198  204   199  197 197    0  97.46 100.00 0.00e+00 
Pair   4  pdb1hxw.supp    pdb4ej8.supp    9.06   1.15    198  198   198  193 193    0  94.82 100.00 0.00e+00 
Pair   5  pdb1hxw.supp    pdb4k4p.supp    9.55   0.66    198  198   198  198 198    0  97.98 100.00 0.00e+00 
Pair   6  pdb1hxw.supp    pdb4k4r.supp    9.57   0.61    198  198   198  198 198    0  97.98 100.00 0.00e+00 
Pair   7  pdb1hxw.supp    pdb3kf0.supp    9.71   0.38    198  198   198  198 198    0  98.99 100.00 0.00e+00 
Pair   8  pdb1hxw.supp    pdb1vij.supp    9.49   0.72    198  198   198  198 198    0 100.00 100.00 0.00e+00 
Pair   9  pdb1hxw.supp    pdb2wkz.supp    9.68   0.44    198  198   198  198 198    0  98.99 100.00 0.00e+00 
Pair  10  pdb4k4q.supp    pdb3kfn.supp    9.58   0.62    198  198   198  198 198    0  98.99 100.00 0.00e+00 
Pair  11  pdb4k4q.supp    pdb4ejd.supp    9.02   0.85    198  204   199  197 197    0  97.46 100.00 0.00e+00 
Pair  12  pdb4k4q.supp    pdb4ej8.supp    8.98   1.25    198  198   198  193 192    0  94.79 100.00 0.00e+00 
Pair  13  pdb4k4q.supp    pdb4k4p.supp    9.74   0.31    198  198   198  198 198    0 100.00 100.00 0.00e+00 
Pair  14  pdb4k4q.supp    pdb4k4r.supp    9.77   0.23    198  198   198  198 198    0 100.00 100.00 0.00e+00 
Pair  15  pdb4k4q.supp    pdb3kf0.supp    9.59   0.60    198  198   198  198 198    0  98.99 100.00 0.00e+00 
Pair  16  pdb4k4q.supp    pdb1vij.supp    9.52   0.67    198  198   198  198 198    0  97.98 100.00 0.00e+00 
Pair  17  pdb4k4q.supp    pdb2wkz.supp    9.54   0.66    198  198   198  198 198    0  96.97 100.00 0.00e+00 
Pair  18  pdb3kfn.supp    pdb4ejd.supp    9.18   0.65    198  204   199  197 197    0  98.48 100.00 0.00e+00 
Pair  19  pdb3kfn.supp    pdb4ej8.supp    9.06   1.12    198  198   198  192 192    0  95.83 100.00 0.00e+00 
Pair  20  pdb3kfn.supp    pdb4k4p.supp    9.60   0.59    198  198   198  198 198    0  98.99 100.00 0.00e+00 
Pair  21  pdb3kfn.supp    pdb4k4r.supp    9.61   0.56    198  198   198  198 198    0  98.99 100.00 0.00e+00 
Pair  22  pdb3kfn.supp    pdb3kf0.supp    9.78   0.14    198  198   198  198 198    0 100.00 100.00 0.00e+00 
Pair  23  pdb3kfn.supp    pdb1vij.supp    9.48   0.73    198  198   198  198 198    0  98.99 100.00 0.00e+00 
Pair  24  pdb3kfn.supp    pdb2wkz.supp    9.74   0.30    198  198   198  198 198    0  97.98 100.00 0.00e+00 
Pair  25  pdb4ejd.supp    pdb4ej8.supp    8.61   1.11    204  198   199  189 187    0  95.72 100.00 0.00e+00 
Pair  26  pdb4ejd.supp    pdb4k4p.supp    9.04   0.83    204  198   199  197 197    0  97.46 100.00 0.00e+00 
Pair  27  pdb4ejd.supp    pdb4k4r.supp    9.05   0.78    204  198   199  196 196    0  97.45 100.00 0.00e+00 
Pair  28  pdb4ejd.supp    pdb3kf0.supp    9.17   0.66    204  198   199  197 197    0  98.48 100.00 0.00e+00 
Pair  29  pdb4ejd.supp    pdb1vij.supp    8.95   0.89    204  198   199  197 197    0  97.46 100.00 0.00e+00 
Pair  30  pdb4ejd.supp    pdb2wkz.supp    9.14   0.69    204  198   199  197 197    0  96.95 100.00 0.00e+00 
Pair  31  pdb4ej8.supp    pdb4k4p.supp    9.05   1.17    198  198   198  193 192    0  94.79 100.00 0.00e+00 
Pair  32  pdb4ej8.supp    pdb4k4r.supp    9.02   1.19    198  198   198  193 192    0  94.79 100.00 0.00e+00 
Pair  33  pdb4ej8.supp    pdb3kf0.supp    9.07   1.12    198  198   198  192 192    0  95.83 100.00 0.00e+00 
Pair  34  pdb4ej8.supp    pdb1vij.supp    9.08   1.07    198  198   198  192 192    0  94.79 100.00 0.00e+00 
Pair  35  pdb4ej8.supp    pdb2wkz.supp    9.03   1.16    198  198   198  192 192    0  93.75 100.00 0.00e+00 
Pair  36  pdb4k4p.supp    pdb4k4r.supp    9.74   0.32    198  198   198  198 198    0 100.00 100.00 0.00e+00 
Pair  37  pdb4k4p.supp    pdb3kf0.supp    9.62   0.55    198  198   198  198 198    0  98.99 100.00 0.00e+00 
Pair  38  pdb4k4p.supp    pdb1vij.supp    9.54   0.61    198  198   198  198 198    0  97.98 100.00 0.00e+00 
Pair  39  pdb4k4p.supp    pdb2wkz.supp    9.57   0.62    198  198   198  198 198    0  96.97 100.00 0.00e+00 
Pair  40  pdb4k4r.supp    pdb3kf0.supp    9.62   0.54    198  198   198  198 198    0  98.99 100.00 0.00e+00 
Pair  41  pdb4k4r.supp    pdb1vij.supp    9.54   0.64    198  198   198  198 198    0  97.98 100.00 0.00e+00 
Pair  42  pdb4k4r.supp    pdb2wkz.supp    9.58   0.59    198  198   198  198 198    0  96.97 100.00 0.00e+00 
Pair  43  pdb3kf0.supp    pdb1vij.supp    9.49   0.70    198  198   198  198 198    0  98.99 100.00 0.00e+00 
Pair  44  pdb3kf0.supp    pdb2wkz.supp    9.75   0.27    198  198   198  198 198    0  97.98 100.00 0.00e+00 
Pair  45  pdb1vij.supp    pdb2wkz.supp    9.48   0.73    198  198   198  198 198    0  98.99 100.00 0.00e+00 
Reading in matrix file P12499_ent_stamp.mat...
Doing cluster analysis...
Cluster:  1 (pdb3kfn.supp  & pdb3kf0.supp ) Sc  9.78 RMS   0.15 Len 198 nfit 198 
 See file P12499_ent_stamp.1 for the alignment and transformations
Cluster:  2 (pdb4k4q.supp  & pdb4k4r.supp ) Sc  9.76 RMS   0.23 Len 198 nfit 198 
 See file P12499_ent_stamp.2 for the alignment and transformations
Cluster:  3 (pdb2wkz.supp  & pdb3kfn.supp pdb3kf0.supp ) Sc  9.76 RMS   0.27 Len 198 nfit 198 
 See file P12499_ent_stamp.3 for the alignment and transformations
Cluster:  4 (pdb4k4p.supp  & pdb4k4q.supp pdb4k4r.supp ) Sc  9.72 RMS   0.29 Len 198 nfit 198 
 See file P12499_ent_stamp.4 for the alignment and transformations
Cluster:  5 (pdb1hxw.supp  & pdb2wkz.supp pdb3kfn.supp pdb3kf0.supp ) Sc  9.76 RMS   0.38 Len 198 nfit 198 
 See file P12499_ent_stamp.5 for the alignment and transformations
Cluster:  6 (pdb1hxw.supp pdb2wkz.supp pdb3kfn.supp pdb3kf0.supp  & pdb4k4p.supp pdb4k4q.supp pdb4k4r.supp ) Sc  9.71 RMS   0.55 Len 198 nfit 198 
 See file P12499_ent_stamp.6 for the alignment and transformations
Cluster:  7 (pdb1vij.supp  & pdb1hxw.supp pdb2wkz.supp pdb3kfn.supp pdb3kf0.supp pdb4k4p.supp pdb4k4q.supp pdb4k4r.supp ) Sc  9.69 RMS   0.60 Len 198 nfit 198 
 See file P12499_ent_stamp.7 for the alignment and transformations
Cluster:  8 (pdb4ejd.supp  & pdb1vij.supp pdb1hxw.supp pdb2wkz.supp pdb3kfn.supp pdb3kf0.supp pdb4k4p.supp pdb4k4q.supp pdb4k4r.supp ) Sc  9.47 RMS   0.69 Len 199 nfit 197 
 See file P12499_ent_stamp.8 for the alignment and transformations
Cluster:  9 (pdb4ej8.supp  & pdb4ejd.supp pdb1vij.supp pdb1hxw.supp pdb2wkz.supp pdb3kfn.supp pdb3kf0.supp pdb4k4p.supp pdb4k4q.supp pdb4k4r.supp ) Sc  9.36 RMS   1.11 Len 199 nfit 192 
 See file P12499_ent_stamp.9 for the alignment and transformations
